W, [2014-08-15T16:43:29.021983 #44310]  WARN -- : Warning. Error encountered while saving cache ff56b064f60080b69099358869fc678e8bc1aef0/application.css.scssc: can't dump anonymous class #<Class:0x007fa8bc7912d0>

W, [2014-08-15T16:43:29.025846 #44310]  WARN -- : Warning. Error encountered while saving cache ff56b064f60080b69099358869fc678e8bc1aef0/posts.css.scssc: can't dump anonymous class #<Class:0x007fa8bc7912d0>

W, [2014-08-15T16:43:29.029193 #44310]  WARN -- : Warning. Error encountered while saving cache ff56b064f60080b69099358869fc678e8bc1aef0/resource.css.scssc: can't dump anonymous class #<Class:0x007fa8bc7912d0>

W, [2014-08-15T16:43:29.045079 #44310]  WARN -- : Warning. Error encountered while saving cache 1d8b73b65ce2acbe82be504bfcfb4d3ffe781550/custom.css.scssc: can't dump anonymous class #<Class:0x007fa8bc7912d0>

W, [2014-08-15T16:43:29.056584 #44310]  WARN -- : Warning. Error encountered while saving cache e3c1394acd8505684e3ed844367dbbf0f8f7724d/bootstrap.scssc: can't dump anonymous class #<Class:0x007fa8bc7912d0>

W, [2014-08-15T16:43:29.061132 #44310]  WARN -- : Warning. Error encountered while saving cache 3366a2cefd80c924bce85c420cabaffd524b6e98/bootstrap.scssc: can't dump anonymous class #<Class:0x007fa8bc7912d0>

W, [2014-08-15T16:43:29.126576 #44310]  WARN -- : Warning. Error encountered while saving cache 3366a2cefd80c924bce85c420cabaffd524b6e98/_variables.scssc: can't dump anonymous class #<Class:0x007fa8bc7912d0>

W, [2014-08-15T16:43:29.280507 #44310]  WARN -- : Warning. Error encountered while saving cache 3366a2cefd80c924bce85c420cabaffd524b6e98/_mixins.scssc: can't dump anonymous class #<Class:0x007fa8bc7912d0>

W, [2014-08-15T16:43:29.315930 #44310]  WARN -- : Warning. Error encountered while saving cache 3366a2cefd80c924bce85c420cabaffd524b6e98/_reset.scssc: can't dump anonymous class #<Class:0x007fa8bc7912d0>

W, [2014-08-15T16:43:29.333166 #44310]  WARN -- : Warning. Error encountered while saving cache 3366a2cefd80c924bce85c420cabaffd524b6e98/_scaffolding.scssc: can't dump anonymous class #<Class:0x007fa8bc7912d0>

W, [2014-08-15T16:43:29.347240 #44310]  WARN -- : Warning. Error encountered while saving cache 3366a2cefd80c924bce85c420cabaffd524b6e98/_grid.scssc: can't dump anonymous class #<Class:0x007fa8bc7912d0>

W, [2014-08-15T16:43:29.416400 #44310]  WARN -- : Warning. Error encountered while saving cache 3366a2cefd80c924bce85c420cabaffd524b6e98/_layouts.scssc: can't dump anonymous class #<Class:0x007fa8bc7912d0>

W, [2014-08-15T16:43:29.457784 #44310]  WARN -- : Warning. Error encountered while saving cache 3366a2cefd80c924bce85c420cabaffd524b6e98/_type.scssc: can't dump anonymous class #<Class:0x007fa8bc7912d0>

W, [2014-08-15T16:43:29.480975 #44310]  WARN -- : Warning. Error encountered while saving cache 3366a2cefd80c924bce85c420cabaffd524b6e98/_code.scssc: can't dump anonymous class #<Class:0x007fa8bc7912d0>

W, [2014-08-15T16:43:29.592110 #44310]  WARN -- : Warning. Error encountered while saving cache 3366a2cefd80c924bce85c420cabaffd524b6e98/_forms.scssc: can't dump anonymous class #<Class:0x007fa8bc7912d0>

W, [2014-08-15T16:43:29.666063 #44310]  WARN -- : Warning. Error encountered while saving cache 3366a2cefd80c924bce85c420cabaffd524b6e98/_tables.scssc: can't dump anonymous class #<Class:0x007fa8bc7912d0>

W, [2014-08-15T16:43:29.745208 #44310]  WARN -- : Warning. Error encountered while saving cache 3366a2cefd80c924bce85c420cabaffd524b6e98/_sprites.scssc: can't dump anonymous class #<Class:0x007fa8bc7912d0>

W, [2014-08-15T16:43:29.781601 #44310]  WARN -- : Warning. Error encountered while saving cache 3366a2cefd80c924bce85c420cabaffd524b6e98/_dropdowns.scssc: can't dump anonymous class #<Class:0x007fa8bc7912d0>

W, [2014-08-15T16:43:29.802349 #44310]  WARN -- : Warning. Error encountered while saving cache 3366a2cefd80c924bce85c420cabaffd524b6e98/_wells.scssc: can't dump anonymous class #<Class:0x007fa8bc7912d0>

W, [2014-08-15T16:43:29.816331 #44310]  WARN -- : Warning. Error encountered while saving cache 3366a2cefd80c924bce85c420cabaffd524b6e98/_component-animations.scssc: can't dump anonymous class #<Class:0x007fa8bc7912d0>

W, [2014-08-15T16:43:29.830279 #44310]  WARN -- : Warning. Error encountered while saving cache 3366a2cefd80c924bce85c420cabaffd524b6e98/_close.scssc: can't dump anonymous class #<Class:0x007fa8bc7912d0>

W, [2014-08-15T16:43:29.895248 #44310]  WARN -- : Warning. Error encountered while saving cache 3366a2cefd80c924bce85c420cabaffd524b6e98/_buttons.scssc: can't dump anonymous class #<Class:0x007fa8bc7912d0>

W, [2014-08-15T16:43:29.952512 #44310]  WARN -- : Warning. Error encountered while saving cache 3366a2cefd80c924bce85c420cabaffd524b6e98/_button-groups.scssc: can't dump anonymous class #<Class:0x007fa8bc7912d0>

W, [2014-08-15T16:43:30.018822 #44310]  WARN -- : Warning. Error encountered while saving cache 3366a2cefd80c924bce85c420cabaffd524b6e98/_alerts.scssc: can't dump anonymous class #<Class:0x007fa8bc7912d0>

W, [2014-08-15T16:43:30.085891 #44310]  WARN -- : Warning. Error encountered while saving cache 3366a2cefd80c924bce85c420cabaffd524b6e98/_navs.scssc: can't dump anonymous class #<Class:0x007fa8bc7912d0>

W, [2014-08-15T16:43:30.200308 #44310]  WARN -- : Warning. Error encountered while saving cache 3366a2cefd80c924bce85c420cabaffd524b6e98/_navbar.scssc: can't dump anonymous class #<Class:0x007fa8bc7912d0>

W, [2014-08-15T16:43:30.268231 #44310]  WARN -- : Warning. Error encountered while saving cache 3366a2cefd80c924bce85c420cabaffd524b6e98/_breadcrumbs.scssc: can't dump anonymous class #<Class:0x007fa8bc7912d0>

W, [2014-08-15T16:43:30.296775 #44310]  WARN -- : Warning. Error encountered while saving cache 3366a2cefd80c924bce85c420cabaffd524b6e98/_pagination.scssc: can't dump anonymous class #<Class:0x007fa8bc7912d0>

W, [2014-08-15T16:43:30.316634 #44310]  WARN -- : Warning. Error encountered while saving cache 3366a2cefd80c924bce85c420cabaffd524b6e98/_pager.scssc: can't dump anonymous class #<Class:0x007fa8bc7912d0>

W, [2014-08-15T16:43:30.336355 #44310]  WARN -- : Warning. Error encountered while saving cache 3366a2cefd80c924bce85c420cabaffd524b6e98/_modals.scssc: can't dump anonymous class #<Class:0x007fa8bc7912d0>

W, [2014-08-15T16:43:30.357864 #44310]  WARN -- : Warning. Error encountered while saving cache 3366a2cefd80c924bce85c420cabaffd524b6e98/_tooltip.scssc: can't dump anonymous class #<Class:0x007fa8bc7912d0>

W, [2014-08-15T16:43:30.386838 #44310]  WARN -- : Warning. Error encountered while saving cache 3366a2cefd80c924bce85c420cabaffd524b6e98/_popovers.scssc: can't dump anonymous class #<Class:0x007fa8bc7912d0>

W, [2014-08-15T16:43:30.408148 #44310]  WARN -- : Warning. Error encountered while saving cache 3366a2cefd80c924bce85c420cabaffd524b6e98/_thumbnails.scssc: can't dump anonymous class #<Class:0x007fa8bc7912d0>

W, [2014-08-15T16:43:30.423410 #44310]  WARN -- : Warning. Error encountered while saving cache 3366a2cefd80c924bce85c420cabaffd524b6e98/_media.scssc: can't dump anonymous class #<Class:0x007fa8bc7912d0>

W, [2014-08-15T16:43:30.446838 #44310]  WARN -- : Warning. Error encountered while saving cache 3366a2cefd80c924bce85c420cabaffd524b6e98/_labels-badges.scssc: can't dump anonymous class #<Class:0x007fa8bc7912d0>

W, [2014-08-15T16:43:30.478485 #44310]  WARN -- : Warning. Error encountered while saving cache 3366a2cefd80c924bce85c420cabaffd524b6e98/_progress-bars.scssc: can't dump anonymous class #<Class:0x007fa8bc7912d0>

W, [2014-08-15T16:43:30.510018 #44310]  WARN -- : Warning. Error encountered while saving cache 3366a2cefd80c924bce85c420cabaffd524b6e98/_accordion.scssc: can't dump anonymous class #<Class:0x007fa8bc7912d0>

W, [2014-08-15T16:43:30.530989 #44310]  WARN -- : Warning. Error encountered while saving cache 3366a2cefd80c924bce85c420cabaffd524b6e98/_carousel.scssc: can't dump anonymous class #<Class:0x007fa8bc7912d0>

W, [2014-08-15T16:43:30.546760 #44310]  WARN -- : Warning. Error encountered while saving cache 3366a2cefd80c924bce85c420cabaffd524b6e98/_hero-unit.scssc: can't dump anonymous class #<Class:0x007fa8bc7912d0>

W, [2014-08-15T16:43:30.559853 #44310]  WARN -- : Warning. Error encountered while saving cache 3366a2cefd80c924bce85c420cabaffd524b6e98/_utilities.scssc: can't dump anonymous class #<Class:0x007fa8bc7912d0>

W, [2014-08-15T16:43:30.969420 #44310]  WARN -- : Warning. Error encountered while saving cache 1d8b73b65ce2acbe82be504bfcfb4d3ffe781550/definitions.css.scssc: can't dump anonymous class #<Class:0x007fa8bc7912d0>

W, [2014-08-15T16:43:30.973417 #44310]  WARN -- : Warning. Error encountered while saving cache 1d8b73b65ce2acbe82be504bfcfb4d3ffe781550/forums.css.scssc: can't dump anonymous class #<Class:0x007fa8bc7912d0>

W, [2014-08-15T16:43:30.978333 #44310]  WARN -- : Warning. Error encountered while saving cache 1d8b73b65ce2acbe82be504bfcfb4d3ffe781550/posts.css.scssc: can't dump anonymous class #<Class:0x007fa8bc7912d0>

W, [2014-08-15T16:43:30.986742 #44310]  WARN -- : Warning. Error encountered while saving cache 1d8b73b65ce2acbe82be504bfcfb4d3ffe781550/scaffolds.css.scssc: can't dump anonymous class #<Class:0x007fa8bc7912d0>

W, [2014-08-15T16:43:30.991521 #44310]  WARN -- : Warning. Error encountered while saving cache 1d8b73b65ce2acbe82be504bfcfb4d3ffe781550/sessions.css.scssc: can't dump anonymous class #<Class:0x007fa8bc7912d0>

W, [2014-08-15T16:43:30.994585 #44310]  WARN -- : Warning. Error encountered while saving cache 1d8b73b65ce2acbe82be504bfcfb4d3ffe781550/static_pages.css.scssc: can't dump anonymous class #<Class:0x007fa8bc7912d0>

W, [2014-08-15T16:43:31.001078 #44310]  WARN -- : Warning. Error encountered while saving cache 1d8b73b65ce2acbe82be504bfcfb4d3ffe781550/topButtons.css.scssc: can't dump anonymous class #<Class:0x007fa8bc7912d0>

W, [2014-08-15T16:43:31.006922 #44310]  WARN -- : Warning. Error encountered while saving cache 1d8b73b65ce2acbe82be504bfcfb4d3ffe781550/users.css.scssc: can't dump anonymous class #<Class:0x007fa8bc7912d0>

W, [2014-08-15T16:43:33.979625 #44310]  WARN -- : Warning. Error encountered while saving cache 7e65e57a731f322654a206a85f92585881770be2/forem.css.scssc: can't dump anonymous class #<Class:0x007fa8bc7912d0>

